This is pdfTeX, Version 3.141592653-2.6-1.40.22 (TeX Live 2021/W32TeX) (preloaded format=pdflatex 2021.4.12)  16 APR 2021 19:09
entering extended mode
 restricted \write18 enabled.
 %&-line parsing enabled.
**modernCvMatt.tex
(./modernCvMatt.tex
LaTeX2e <2020-10-01> patch level 4
L3 programming layer <2021-02-18> (./moderncv.cls
Document Class: moderncv 2015/07/28 v2.0.0 modern curriculum vitae and letter d
ocument class

(c:/Users/matthew.grainger/AppData/Roaming/TinyTeX/texmf-dist/tex/latex/base/si
ze11.clo
File: size11.clo 2020/04/10 v1.4m Standard LaTeX file (size option)
)
(c:/Users/matthew.grainger/AppData/Roaming/TinyTeX/texmf-dist/tex/latex/etoolbo
x/etoolbox.sty
Package: etoolbox 2020/10/05 v2.5k e-TeX tools for LaTeX (JAW)
\etb@tempcnta=\count179
)
(c:/Users/matthew.grainger/AppData/Roaming/TinyTeX/texmf-dist/tex/latex/base/if
then.sty
Package: ifthen 2014/09/29 v1.1c Standard LaTeX ifthen package (DPC)
)
(c:/Users/matthew.grainger/AppData/Roaming/TinyTeX/texmf-dist/tex/latex/xcolor/
xcolor.sty
Package: xcolor 2016/05/11 v2.12 LaTeX color extensions (UK)

(c:/Users/matthew.grainger/AppData/Roaming/TinyTeX/texmf-dist/tex/latex/graphic
s-cfg/color.cfg
File: color.cfg 2016/01/02 v1.6 sample color configuration
)
Package xcolor Info: Driver file: pdftex.def on input line 225.

(c:/Users/matthew.grainger/AppData/Roaming/TinyTeX/texmf-dist/tex/latex/graphic
s-def/pdftex.def
File: pdftex.def 2020/10/05 v1.2a Graphics/color driver for pdftex
)
(c:/Users/matthew.grainger/AppData/Roaming/TinyTeX/texmf-dist/tex/latex/colortb
l/colortbl.sty
Package: colortbl 2020/01/04 v1.0e Color table columns (DPC)

(c:/Users/matthew.grainger/AppData/Roaming/TinyTeX/texmf-dist/tex/latex/tools/a
rray.sty
Package: array 2020/10/01 v2.5c Tabular extension package (FMi)
\col@sep=\dimen138
\ar@mcellbox=\box47
\extrarowheight=\dimen139
\NC@list=\toks15
\extratabsurround=\skip47
\backup@length=\skip48
\ar@cellbox=\box48
)
\everycr=\toks16
\minrowclearance=\skip49
)
\rownum=\count180
Package xcolor Info: Model `cmy' substituted by `cmy0' on input line 1348.
Package xcolor Info: Model `hsb' substituted by `rgb' on input line 1352.
Package xcolor Info: Model `RGB' extended on input line 1364.
Package xcolor Info: Model `HTML' substituted by `rgb' on input line 1366.
Package xcolor Info: Model `Hsb' substituted by `hsb' on input line 1367.
Package xcolor Info: Model `tHsb' substituted by `hsb' on input line 1368.
Package xcolor Info: Model `HSB' substituted by `hsb' on input line 1369.
Package xcolor Info: Model `Gray' substituted by `gray' on input line 1370.
Package xcolor Info: Model `wave' substituted by `hsb' on input line 1371.
)
(c:/Users/matthew.grainger/AppData/Roaming/TinyTeX/texmf-dist/tex/generic/iftex
/ifxetex.sty
Package: ifxetex 2019/10/25 v0.7 ifxetex legacy package. Use iftex instead.

(c:/Users/matthew.grainger/AppData/Roaming/TinyTeX/texmf-dist/tex/generic/iftex
/iftex.sty
Package: iftex 2020/03/06 v1.0d TeX engine tests
))
(c:/Users/matthew.grainger/AppData/Roaming/TinyTeX/texmf-dist/tex/generic/iftex
/ifluatex.sty
Package: ifluatex 2019/10/25 v1.5 ifluatex legacy package. Use iftex instead.
)
(c:/Users/matthew.grainger/AppData/Roaming/TinyTeX/texmf-dist/tex/latex/base/fo
ntenc.sty
Package: fontenc 2020/08/10 v2.0s Standard LaTeX package
)
(c:/Users/matthew.grainger/AppData/Roaming/TinyTeX/texmf-dist/tex/latex/lm/lmod
ern.sty
Package: lmodern 2015/05/01 v1.6.1 Latin Modern Fonts
LaTeX Font Info:    Overwriting symbol font `operators' in version `normal'
(Font)                  OT1/cmr/m/n --> OT1/lmr/m/n on input line 22.
LaTeX Font Info:    Overwriting symbol font `letters' in version `normal'
(Font)                  OML/cmm/m/it --> OML/lmm/m/it on input line 23.
LaTeX Font Info:    Overwriting symbol font `symbols' in version `normal'
(Font)                  OMS/cmsy/m/n --> OMS/lmsy/m/n on input line 24.
LaTeX Font Info:    Overwriting symbol font `largesymbols' in version `normal'
(Font)                  OMX/cmex/m/n --> OMX/lmex/m/n on input line 25.
LaTeX Font Info:    Overwriting symbol font `operators' in version `bold'
(Font)                  OT1/cmr/bx/n --> OT1/lmr/bx/n on input line 26.
LaTeX Font Info:    Overwriting symbol font `letters' in version `bold'
(Font)                  OML/cmm/b/it --> OML/lmm/b/it on input line 27.
LaTeX Font Info:    Overwriting symbol font `symbols' in version `bold'
(Font)                  OMS/cmsy/b/n --> OMS/lmsy/b/n on input line 28.
LaTeX Font Info:    Overwriting symbol font `largesymbols' in version `bold'
(Font)                  OMX/cmex/m/n --> OMX/lmex/m/n on input line 29.
LaTeX Font Info:    Overwriting math alphabet `\mathbf' in version `normal'
(Font)                  OT1/cmr/bx/n --> OT1/lmr/bx/n on input line 31.
LaTeX Font Info:    Overwriting math alphabet `\mathsf' in version `normal'
(Font)                  OT1/cmss/m/n --> OT1/lmss/m/n on input line 32.
LaTeX Font Info:    Overwriting math alphabet `\mathit' in version `normal'
(Font)                  OT1/cmr/m/it --> OT1/lmr/m/it on input line 33.
LaTeX Font Info:    Overwriting math alphabet `\mathtt' in version `normal'
(Font)                  OT1/cmtt/m/n --> OT1/lmtt/m/n on input line 34.
LaTeX Font Info:    Overwriting math alphabet `\mathbf' in version `bold'
(Font)                  OT1/cmr/bx/n --> OT1/lmr/bx/n on input line 35.
LaTeX Font Info:    Overwriting math alphabet `\mathsf' in version `bold'
(Font)                  OT1/cmss/bx/n --> OT1/lmss/bx/n on input line 36.
LaTeX Font Info:    Overwriting math alphabet `\mathit' in version `bold'
(Font)                  OT1/cmr/bx/it --> OT1/lmr/bx/it on input line 37.
LaTeX Font Info:    Overwriting math alphabet `\mathtt' in version `bold'
(Font)                  OT1/cmtt/m/n --> OT1/lmtt/m/n on input line 38.
)
(c:/Users/matthew.grainger/AppData/Roaming/TinyTeX/texmf-dist/tex/latex/url/url
.sty
\Urlmuskip=\muskip16
Package: url 2013/09/16  ver 3.4  Verb mode for urls, etc.
)
(c:/Users/matthew.grainger/AppData/Roaming/TinyTeX/texmf-dist/tex/latex/graphic
s/graphicx.sty
Package: graphicx 2020/09/09 v1.2b Enhanced LaTeX Graphics (DPC,SPQR)

(c:/Users/matthew.grainger/AppData/Roaming/TinyTeX/texmf-dist/tex/latex/graphic
s/keyval.sty
Package: keyval 2014/10/28 v1.15 key=value parser (DPC)
\KV@toks@=\toks17
)
(c:/Users/matthew.grainger/AppData/Roaming/TinyTeX/texmf-dist/tex/latex/graphic
s/graphics.sty
Package: graphics 2020/08/30 v1.4c Standard LaTeX Graphics (DPC,SPQR)

(c:/Users/matthew.grainger/AppData/Roaming/TinyTeX/texmf-dist/tex/latex/graphic
s/trig.sty
Package: trig 2016/01/03 v1.10 sin cos tan (DPC)
)
(c:/Users/matthew.grainger/AppData/Roaming/TinyTeX/texmf-dist/tex/latex/graphic
s-cfg/graphics.cfg
File: graphics.cfg 2016/06/04 v1.11 sample graphics configuration
)
Package graphics Info: Driver file: pdftex.def on input line 105.
)
\Gin@req@height=\dimen140
\Gin@req@width=\dimen141
)
(c:/Users/matthew.grainger/AppData/Roaming/TinyTeX/texmf-dist/tex/latex/fancyhd
r/fancyhdr.sty
Package: fancyhdr 2021/01/28 v4.0.1 Extensive control of page headers and foote
rs
\f@nch@headwidth=\skip50
\f@nch@O@elh=\skip51
\f@nch@O@erh=\skip52
\f@nch@O@olh=\skip53
\f@nch@O@orh=\skip54
\f@nch@O@elf=\skip55
\f@nch@O@erf=\skip56
\f@nch@O@olf=\skip57
\f@nch@O@orf=\skip58
) (./tweaklist.sty)
(c:/Users/matthew.grainger/AppData/Roaming/TinyTeX/texmf-dist/tex/latex/tools/c
alc.sty
Package: calc 2017/05/25 v4.3 Infix arithmetic (KKT,FJ)
\calc@Acount=\count181
\calc@Bcount=\count182
\calc@Adimen=\dimen142
\calc@Bdimen=\dimen143
\calc@Askip=\skip59
\calc@Bskip=\skip60
LaTeX Info: Redefining \setlength on input line 80.
LaTeX Info: Redefining \addtolength on input line 81.
\calc@Ccount=\count183
\calc@Cskip=\skip61
)
(c:/Users/matthew.grainger/AppData/Roaming/TinyTeX/texmf-dist/tex/latex/l3packa
ges/xparse/xparse.sty
(c:/Users/matthew.grainger/AppData/Roaming/TinyTeX/texmf-dist/tex/latex/l3kerne
l/expl3.sty
Package: expl3 2021-02-18 L3 programming layer (loader) 

(c:/Users/matthew.grainger/AppData/Roaming/TinyTeX/texmf-dist/tex/latex/l3backe
nd/l3backend-pdftex.def
File: l3backend-pdftex.def 2021-03-18 L3 backend support: PDF output (pdfTeX)
\l__color_backend_stack_int=\count184
\l__pdf_internal_box=\box49
))
(c:/Users/matthew.grainger/AppData/Roaming/TinyTeX/texmf-dist/tex/latex/l3packa
ges/xparse/xparse-2020-10-01.sty
(c:/Users/matthew.grainger/AppData/Roaming/TinyTeX/texmf-dist/tex/latex/l3packa
ges/xparse/xparse-generic.tex)))
(c:/Users/matthew.grainger/AppData/Roaming/TinyTeX/texmf-dist/tex/latex/microty
pe/microtype.sty
Package: microtype 2021/03/14 v2.8c Micro-typographical refinements (RS)
\MT@toks=\toks18
\MT@count=\count185
LaTeX Info: Redefining \textls on input line 790.
\MT@outer@kern=\dimen144
LaTeX Info: Redefining \textmicrotypecontext on input line 1374.
\MT@listname@count=\count186

(c:/Users/matthew.grainger/AppData/Roaming/TinyTeX/texmf-dist/tex/latex/microty
pe/microtype-pdftex.def
File: microtype-pdftex.def 2021/03/14 v2.8c Definitions specific to pdftex (RS)

LaTeX Info: Redefining \lsstyle on input line 915.
LaTeX Info: Redefining \lslig on input line 915.
\MT@outer@space=\skip62
)
Package microtype Info: Loading configuration file microtype.cfg.

(c:/Users/matthew.grainger/AppData/Roaming/TinyTeX/texmf-dist/tex/latex/microty
pe/microtype.cfg
File: microtype.cfg 2021/03/14 v2.8c microtype main configuration file (RS)
)) (./moderncvcollection.sty
Package: moderncvcollection 2015/07/28 v2.0.0 moderncv collections
\c@collection@iterator=\count187
)
(c:/Users/matthew.grainger/AppData/Roaming/TinyTeX/texmf-dist/tex/latex/modernc
v/moderncvcompatibility.sty
Package: moderncvcompatibility 2021/01/21 v2.1.0 modern curriculum vitae and le
tter compatibility patches
)
\c@collection@phones@count=\count188
\c@collection@socials@count=\count189
\c@cvcolumnscounter=\count190
\c@cvcolumnsautowidthcounter=\count191
\c@tmpiteratorcounter=\count192
\cvcolumnsdummywidth=\skip63
\cvcolumnswidth=\skip64
\cvcolumnsautowidth=\skip65
\cvcolumnautowidth=\skip66
\bibindent=\skip67
) (./moderncvstylecasual.sty
Package: moderncvstylecasual 2015/07/28 v2.0.0 modern curriculum vitae and lett
er style scheme: casual

(c:/Users/matthew.grainger/AppData/Roaming/TinyTeX/texmf-dist/tex/latex/modernc
v/moderncviconsawesome.sty
Package: moderncviconsawesome 2021/01/21 v2.1.0 modern curriculum vitae and let
ter icons: awesome

(c:/Users/matthew.grainger/AppData/Roaming/TinyTeX/texmf-dist/tex/latex/fontawe
some5/fontawesome5.sty
Package: fontawesome5 2020/03/24 v5.13.0 Font Awesome 5

(c:/Users/matthew.grainger/AppData/Roaming/TinyTeX/texmf-dist/tex/latex/l3packa
ges/l3keys2e/l3keys2e.sty
Package: l3keys2e 2021-03-12 LaTeX2e option processing using LaTeX3 keys
)
(c:/Users/matthew.grainger/AppData/Roaming/TinyTeX/texmf-dist/tex/latex/fontawe
some5/fontawesome5-generic-helper.sty
Package: fontawesome5-generic-helper 2020/03/24 v5.13.0 non-uTeX helper for fon
tawesome5

(c:/Users/matthew.grainger/AppData/Roaming/TinyTeX/texmf-dist/tex/latex/fontawe
some5/fontawesome5-mapping.def)))
(c:/Users/matthew.grainger/AppData/Roaming/TinyTeX/texmf-dist/tex/latex/academi
cons/academicons.sty
Package: academicons 2020/08/14 v1.9.0 Academicons Icons
)) (./moderncvheadii.sty
Package: moderncvheadii 2015/07/28 v2.0.0 modern curriculum vitae and letter he
ader variant: 2
\makeheaddetailsbox=\box50
\makeheaddetailstempbox=\box51
\makeheaddetailswidth=\skip68
\makeheaddetailsboxwidth=\skip69
\quotewidth=\skip70
) (./moderncvbodyi.sty
Package: moderncvbodyi 2015/07/28 v2.0.0 modern curriculum vitae and letter bod
y variant: 1
\hintscolumnwidth=\skip71
\separatorcolumnwidth=\skip72
\maincolumnwidth=\skip73
\doubleitemcolumnwidth=\skip74
\listitemsymbolwidth=\skip75
LaTeX Font Info:    Trying to load font information for U+fontawesomefree0 on i
nput line 46.

(c:/Users/matthew.grainger/AppData/Roaming/TinyTeX/texmf-dist/tex/latex/fontawe
some5/ufontawesomefree0.fd)
\listitemcolumnwidth=\skip76
\listdoubleitemcolumnwidth=\skip77
\baseletterheight=\skip78
\cvitemwithcommentbox=\box52
\cvitemwithcommentskilllength=\skip79
\cvitemwithcommentcommentlength=\skip80
) (./moderncvfooti.sty
Package: moderncvfooti 2015/07/28 v2.0.0 modern curriculum vitae and letter foo
ter variant: 1
\footwidth=\skip81
\footbox=\box53
\foottempbox=\box54
\footboxwidth=\skip82
))
(c:/Users/matthew.grainger/AppData/Roaming/TinyTeX/texmf-dist/tex/latex/dejavu/
DejaVuSansMono.sty
Package: DejaVuSansMono 2011/06/01 Style file for DejaVuSansMono.
)
(c:/Users/matthew.grainger/AppData/Roaming/TinyTeX/texmf-dist/tex/latex/geometr
y/geometry.sty
Package: geometry 2020/01/02 v5.9 Page Geometry

(c:/Users/matthew.grainger/AppData/Roaming/TinyTeX/texmf-dist/tex/generic/iftex
/ifvtex.sty
Package: ifvtex 2019/10/25 v1.7 ifvtex legacy package. Use iftex instead.
)
\Gm@cnth=\count193
\Gm@cntv=\count194
\c@Gm@tempcnt=\count195
\Gm@bindingoffset=\dimen145
\Gm@wd@mp=\dimen146
\Gm@odd@mp=\dimen147
\Gm@even@mp=\dimen148
\Gm@layoutwidth=\dimen149
\Gm@layoutheight=\dimen150
\Gm@layouthoffset=\dimen151
\Gm@layoutvoffset=\dimen152
\Gm@dimlist=\toks19
)
\cslhangindent=\skip83
\csllabelwidth=\skip84

(c:/Users/matthew.grainger/AppData/Roaming/TinyTeX/texmf-dist/tex/latex/hyperre
f/hyperref.sty
Package: hyperref 2021-02-27 v7.00k Hypertext links for LaTeX

(c:/Users/matthew.grainger/AppData/Roaming/TinyTeX/texmf-dist/tex/generic/ltxcm
ds/ltxcmds.sty
Package: ltxcmds 2020-05-10 v1.25 LaTeX kernel commands for general use (HO)
)
(c:/Users/matthew.grainger/AppData/Roaming/TinyTeX/texmf-dist/tex/generic/pdfte
xcmds/pdftexcmds.sty
Package: pdftexcmds 2020-06-27 v0.33 Utility functions of pdfTeX for LuaTeX (HO
)

(c:/Users/matthew.grainger/AppData/Roaming/TinyTeX/texmf-dist/tex/generic/infwa
rerr/infwarerr.sty
Package: infwarerr 2019/12/03 v1.5 Providing info/warning/error messages (HO)
)
Package pdftexcmds Info: \pdf@primitive is available.
Package pdftexcmds Info: \pdf@ifprimitive is available.
Package pdftexcmds Info: \pdfdraftmode found.
)
(c:/Users/matthew.grainger/AppData/Roaming/TinyTeX/texmf-dist/tex/generic/kvset
keys/kvsetkeys.sty
Package: kvsetkeys 2019/12/15 v1.18 Key value parser (HO)
)
(c:/Users/matthew.grainger/AppData/Roaming/TinyTeX/texmf-dist/tex/generic/kvdef
inekeys/kvdefinekeys.sty
Package: kvdefinekeys 2019-12-19 v1.6 Define keys (HO)
)
(c:/Users/matthew.grainger/AppData/Roaming/TinyTeX/texmf-dist/tex/generic/pdfes
cape/pdfescape.sty
Package: pdfescape 2019/12/09 v1.15 Implements pdfTeX's escape features (HO)
)
(c:/Users/matthew.grainger/AppData/Roaming/TinyTeX/texmf-dist/tex/latex/hycolor
/hycolor.sty
Package: hycolor 2020-01-27 v1.10 Color options for hyperref/bookmark (HO)
)
(c:/Users/matthew.grainger/AppData/Roaming/TinyTeX/texmf-dist/tex/latex/letltxm
acro/letltxmacro.sty
Package: letltxmacro 2019/12/03 v1.6 Let assignment for LaTeX macros (HO)
)
(c:/Users/matthew.grainger/AppData/Roaming/TinyTeX/texmf-dist/tex/latex/auxhook
/auxhook.sty
Package: auxhook 2019-12-17 v1.6 Hooks for auxiliary files (HO)
)
(c:/Users/matthew.grainger/AppData/Roaming/TinyTeX/texmf-dist/tex/latex/kvoptio
ns/kvoptions.sty
Package: kvoptions 2020-10-07 v3.14 Key value format for package options (HO)
)
\@linkdim=\dimen153
\Hy@linkcounter=\count196
\Hy@pagecounter=\count197

(c:/Users/matthew.grainger/AppData/Roaming/TinyTeX/texmf-dist/tex/latex/hyperre
f/pd1enc.def
File: pd1enc.def 2021-02-27 v7.00k Hyperref: PDFDocEncoding definition (HO)
Now handling font encoding PD1 ...
... no UTF-8 mapping file for font encoding PD1
)
(c:/Users/matthew.grainger/AppData/Roaming/TinyTeX/texmf-dist/tex/latex/hyperre
f/hyperref-langpatches.def
File: hyperref-langpatches.def 2021-02-27 v7.00k Hyperref: patches for babel la
nguages
)
(c:/Users/matthew.grainger/AppData/Roaming/TinyTeX/texmf-dist/tex/generic/intca
lc/intcalc.sty
Package: intcalc 2019/12/15 v1.3 Expandable calculations with integers (HO)
)
(c:/Users/matthew.grainger/AppData/Roaming/TinyTeX/texmf-dist/tex/generic/etexc
mds/etexcmds.sty
Package: etexcmds 2019/12/15 v1.7 Avoid name clashes with e-TeX commands (HO)
)
\Hy@SavedSpaceFactor=\count198

(c:/Users/matthew.grainger/AppData/Roaming/TinyTeX/texmf-dist/tex/latex/hyperre
f/puenc.def
File: puenc.def 2021-02-27 v7.00k Hyperref: PDF Unicode definition (HO)
Now handling font encoding PU ...
... no UTF-8 mapping file for font encoding PU
)
Package hyperref Info: Option `unicode' set `true' on input line 4073.
Package hyperref Info: Hyper figures OFF on input line 4192.
Package hyperref Info: Link nesting OFF on input line 4197.
Package hyperref Info: Hyper index ON on input line 4200.
Package hyperref Info: Plain pages OFF on input line 4207.
Package hyperref Info: Backreferencing OFF on input line 4212.
Package hyperref Info: Implicit mode ON; LaTeX internals redefined.
Package hyperref Info: Bookmarks ON on input line 4445.
\c@Hy@tempcnt=\count199
LaTeX Info: Redefining \url on input line 4804.
\XeTeXLinkMargin=\dimen154

(c:/Users/matthew.grainger/AppData/Roaming/TinyTeX/texmf-dist/tex/generic/bitse
t/bitset.sty
Package: bitset 2019/12/09 v1.3 Handle bit-vector datatype (HO)

(c:/Users/matthew.grainger/AppData/Roaming/TinyTeX/texmf-dist/tex/generic/bigin
tcalc/bigintcalc.sty
Package: bigintcalc 2019/12/15 v1.5 Expandable calculations on big integers (HO
)
))
\Fld@menulength=\count266
\Field@Width=\dimen155
\Fld@charsize=\dimen156
Package hyperref Info: Hyper figures OFF on input line 6075.
Package hyperref Info: Link nesting OFF on input line 6080.
Package hyperref Info: Hyper index ON on input line 6083.
Package hyperref Info: backreferencing OFF on input line 6090.
Package hyperref Info: Link coloring OFF on input line 6095.
Package hyperref Info: Link coloring with OCG OFF on input line 6100.
Package hyperref Info: PDF/A mode OFF on input line 6105.
LaTeX Info: Redefining \ref on input line 6145.
LaTeX Info: Redefining \pageref on input line 6149.

(c:/Users/matthew.grainger/AppData/Roaming/TinyTeX/texmf-dist/tex/latex/base/at
begshi-ltx.sty
Package: atbegshi-ltx 2020/08/17 v1.0a Emulation of the original atbegshi packa
ge
with kernel methods
)
\Hy@abspage=\count267
\c@Item=\count268
\c@Hfootnote=\count269
)
Package hyperref Info: Driver (autodetected): hpdftex.

(c:/Users/matthew.grainger/AppData/Roaming/TinyTeX/texmf-dist/tex/latex/hyperre
f/hpdftex.def
File: hpdftex.def 2021-02-27 v7.00k Hyperref driver for pdfTeX

(c:/Users/matthew.grainger/AppData/Roaming/TinyTeX/texmf-dist/tex/latex/base/at
veryend-ltx.sty
Package: atveryend-ltx 2020/08/19 v1.0a Emulation of the original atvery packag
e
with kernel methods
)
\Fld@listcount=\count270
\c@bookmark@seq@number=\count271

(c:/Users/matthew.grainger/AppData/Roaming/TinyTeX/texmf-dist/tex/latex/rerunfi
lecheck/rerunfilecheck.sty
Package: rerunfilecheck 2019/12/05 v1.9 Rerun checks for auxiliary files (HO)

(c:/Users/matthew.grainger/AppData/Roaming/TinyTeX/texmf-dist/tex/generic/uniqu
ecounter/uniquecounter.sty
Package: uniquecounter 2019/12/15 v1.4 Provide unlimited unique counter (HO)
)
Package uniquecounter Info: New unique counter `rerunfilecheck' on input line 2
86.
)
\Hy@SectionHShift=\skip85
)
Package hyperref Info: Option `breaklinks' set `true' on input line 82.
Package hyperref Info: Option `bookmarksopen' set `true' on input line 82.
LaTeX Font Info:    Trying to load font information for T1+lmr on input line 82
.

(c:/Users/matthew.grainger/AppData/Roaming/TinyTeX/texmf-dist/tex/latex/lm/t1lm
r.fd
File: t1lmr.fd 2015/05/01 v1.6.1 Font defs for Latin Modern
) (./modernCvMatt.aux)
\openout1 = `modernCvMatt.aux'.

LaTeX Font Info:    Checking defaults for OML/cmm/m/it on input line 82.
LaTeX Font Info:    ... okay on input line 82.
LaTeX Font Info:    Checking defaults for OMS/cmsy/m/n on input line 82.
LaTeX Font Info:    ... okay on input line 82.
LaTeX Font Info:    Checking defaults for OT1/cmr/m/n on input line 82.
LaTeX Font Info:    ... okay on input line 82.
LaTeX Font Info:    Checking defaults for T1/cmr/m/n on input line 82.
LaTeX Font Info:    ... okay on input line 82.
LaTeX Font Info:    Checking defaults for TS1/cmr/m/n on input line 82.
LaTeX Font Info:    ... okay on input line 82.
LaTeX Font Info:    Checking defaults for OMX/cmex/m/n on input line 82.
LaTeX Font Info:    ... okay on input line 82.
LaTeX Font Info:    Checking defaults for U/cmr/m/n on input line 82.
LaTeX Font Info:    ... okay on input line 82.
LaTeX Font Info:    Checking defaults for PD1/pdf/m/n on input line 82.
LaTeX Font Info:    ... okay on input line 82.
LaTeX Font Info:    Checking defaults for PU/pdf/m/n on input line 82.
LaTeX Font Info:    ... okay on input line 82.

(c:/Users/matthew.grainger/AppData/Roaming/TinyTeX/texmf-dist/tex/latex/epstopd
f-pkg/epstopdf-base.sty
Package: epstopdf-base 2020-01-24 v2.11 Base part for package epstopdf
Package epstopdf-base Info: Redefining graphics rule for `.eps' on input line 4
85.

(c:/Users/matthew.grainger/AppData/Roaming/TinyTeX/texmf-dist/tex/latex/latexco
nfig/epstopdf-sys.cfg
File: epstopdf-sys.cfg 2010/07/13 v1.3 Configuration of (r)epstopdf for TeX Liv
e
))
LaTeX Info: Redefining \microtypecontext on input line 82.
Package microtype Info: Generating PDF output.
Package microtype Info: Character protrusion enabled (level 2).
Package microtype Info: Using default protrusion set `alltext'.
Package microtype Info: Automatic font expansion enabled (level 2),
(microtype)             stretch: 20, shrink: 20, step: 1, non-selected.
Package microtype Info: Using default expansion set `alltext-nott'.
LaTeX Info: Redefining \showhyphens on input line 82.
Package microtype Info: No adjustment of tracking.
Package microtype Info: No adjustment of interword spacing.
Package microtype Info: No adjustment of character kerning.

(c:/Users/matthew.grainger/AppData/Roaming/TinyTeX/texmf-dist/tex/latex/microty
pe/mt-cmr.cfg
File: mt-cmr.cfg 2013/05/19 v2.2 microtype config. file: Computer Modern Roman 
(RS)
)
*geometry* driver: auto-detecting
*geometry* detected driver: pdftex
*geometry* verbose mode - [ preamble ] result:
* driver: pdftex
* paper: a4paper
* layout: <same size as paper>
* layoutoffset:(h,v)=(0.0pt,0.0pt)
* modes: 
* h-part:(L,W,R)=(74.68848pt, 448.1309pt, 74.68849pt)
* v-part:(T,H,B)=(84.50467pt, 633.78513pt, 126.75705pt)
* \paperwidth=597.50787pt
* \paperheight=845.04684pt
* \textwidth=448.1309pt
* \textheight=633.78513pt
* \oddsidemargin=2.41849pt
* \evensidemargin=2.41849pt
* \topmargin=-24.76532pt
* \headheight=12.0pt
* \headsep=25.0pt
* \topskip=11.0pt
* \footskip=60.0pt
* \marginparwidth=50.0pt
* \marginparsep=10.0pt
* \columnsep=10.0pt
* \skip\footins=10.0pt plus 4.0pt minus 2.0pt
* \hoffset=0.0pt
* \voffset=0.0pt
* \mag=1000
* \@twocolumnfalse
* \@twosidefalse
* \@mparswitchfalse
* \@reversemarginfalse
* (1in=72.27pt=25.4mm, 1cm=28.453pt)

Package hyperref Info: Link coloring OFF on input line 82.

(c:/Users/matthew.grainger/AppData/Roaming/TinyTeX/texmf-dist/tex/latex/hyperre
f/nameref.sty
Package: nameref 2021-04-02 v2.47 Cross-referencing by name of section

(c:/Users/matthew.grainger/AppData/Roaming/TinyTeX/texmf-dist/tex/latex/refcoun
t/refcount.sty
Package: refcount 2019/12/15 v3.6 Data extraction from label references (HO)
)
(c:/Users/matthew.grainger/AppData/Roaming/TinyTeX/texmf-dist/tex/generic/getti
tlestring/gettitlestring.sty
Package: gettitlestring 2019/12/15 v1.6 Cleanup title references (HO)
)
\c@section@level=\count272
)
LaTeX Info: Redefining \ref on input line 82.
LaTeX Info: Redefining \pageref on input line 82.
LaTeX Info: Redefining \nameref on input line 82.
(./modernCvMatt.out) (./modernCvMatt.out)
\@outlinefile=\write3
\openout3 = `modernCvMatt.out'.

\pagenumberwidth=\skip86
\makecvheadpicturebox=\box55
\makecvheadpicturewidth=\skip87
\makecvheadnamebox=\box56
LaTeX Font Info:    Trying to load font information for OT1+lmr on input line 8
5.

(c:/Users/matthew.grainger/AppData/Roaming/TinyTeX/texmf-dist/tex/latex/lm/ot1l
mr.fd
File: ot1lmr.fd 2015/05/01 v1.6.1 Font defs for Latin Modern
)
LaTeX Font Info:    Trying to load font information for OML+lmm on input line 8
5.

(c:/Users/matthew.grainger/AppData/Roaming/TinyTeX/texmf-dist/tex/latex/lm/omll
mm.fd
File: omllmm.fd 2015/05/01 v1.6.1 Font defs for Latin Modern
)
LaTeX Font Info:    Trying to load font information for OMS+lmsy on input line 
85.

(c:/Users/matthew.grainger/AppData/Roaming/TinyTeX/texmf-dist/tex/latex/lm/omsl
msy.fd
File: omslmsy.fd 2015/05/01 v1.6.1 Font defs for Latin Modern
)
LaTeX Font Info:    Trying to load font information for OMX+lmex on input line 
85.

(c:/Users/matthew.grainger/AppData/Roaming/TinyTeX/texmf-dist/tex/latex/lm/omxl
mex.fd
File: omxlmex.fd 2015/05/01 v1.6.1 Font defs for Latin Modern
)
LaTeX Font Info:    External font `lmex10' loaded for size
(Font)              <10.95> on input line 85.
LaTeX Font Info:    External font `lmex10' loaded for size
(Font)              <8> on input line 85.
LaTeX Font Info:    External font `lmex10' loaded for size
(Font)              <6> on input line 85.

Underfull \hbox (badness 10000) in paragraph at lines 85--85

 []


Overfull \hbox (29.4819pt too wide) in paragraph at lines 116--124
[][] 
 []

LaTeX Font Info:    Trying to load font information for U+fontawesomefree2 on i
nput line 144.

(c:/Users/matthew.grainger/AppData/Roaming/TinyTeX/texmf-dist/tex/latex/fontawe
some5/ufontawesomefree2.fd)
LaTeX Font Info:    Trying to load font information for TS1+lmr on input line 1
44.

(c:/Users/matthew.grainger/AppData/Roaming/TinyTeX/texmf-dist/tex/latex/lm/ts1l
mr.fd
File: ts1lmr.fd 2015/05/01 v1.6.1 Font defs for Latin Modern
)
LaTeX Font Info:    Trying to load font information for U+fontawesomefree1 on i
nput line 144.

(c:/Users/matthew.grainger/AppData/Roaming/TinyTeX/texmf-dist/tex/latex/fontawe
some5/ufontawesomefree1.fd)
LaTeX Font Info:    Trying to load font information for T1+DejaVuSansMono-TLF o
n input line 144.

(c:/Users/matthew.grainger/AppData/Roaming/TinyTeX/texmf-dist/tex/latex/dejavu/
T1DejaVuSansMono-TLF.fd
File: T1DejaVuSansMono-TLF.fd 2011/06/01 Font definitions for T1/DejaVuSansMono
-TLF.
)
LaTeX Font Info:    Font shape `T1/DejaVuSansMono-TLF/m/sl' in size <10.95> not
 available
(Font)              Font shape `T1/DejaVuSansMono-TLF/m/it' tried instead on in
put line 144.
LaTeX Font Info:    Font shape `T1/DejaVuSansMono-TLF/m/it' will be
(Font)              scaled to size 9.41699pt on input line 144.
Package microtype Info: Loading generic protrusion settings for font family
(microtype)             `DejaVuSansMono-TLF' (encoding: T1).
(microtype)             For optimal results, create family-specific settings.
(microtype)             See the microtype manual for details.
LaTeX Font Info:    Trying to load font information for U+fontawesomebrands1 on
 input line 144.

(c:/Users/matthew.grainger/AppData/Roaming/TinyTeX/texmf-dist/tex/latex/fontawe
some5/ufontawesomebrands1.fd)
LaTeX Font Info:    Font shape `U/fontawesomebrands1/solid/n' in size <10> not 
available
(Font)              Font shape `U/fontawesomebrands1/regular/n' tried instead o
n input line 144.
LaTeX Font Info:    Trying to load font information for U+fontawesomebrands0 on
 input line 144.

(c:/Users/matthew.grainger/AppData/Roaming/TinyTeX/texmf-dist/tex/latex/fontawe
some5/ufontawesomebrands0.fd)
LaTeX Font Info:    Font shape `U/fontawesomebrands0/solid/n' in size <10> not 
available
(Font)              Font shape `U/fontawesomebrands0/regular/n' tried instead o
n input line 144.

Package fancyhdr Warning: \footskip is too small (60.0pt): 
(fancyhdr)                Make it at least 68.00002pt, for example:
(fancyhdr)                \setlength{\footskip}{68.00002pt}.

[1

{c:/Users/matthew.grainger/AppData/Roaming/TinyTeX/texmf-var/fonts/map/pdftex/u
pdmap/pdftex.map}]pdfTeX warning (ext4): destination with the same identifier (
name{bibliography}) has been already used, duplicate ignored
<to be read again> 
                   \relax 
l.146 \hypertarget{bibliography}{}
                                  pdfTeX warning (ext4): destination with the s
ame identifier (name{ref-R-citationchaser}) has been already used, duplicate ig
nored
<to be read again> 
                   \relax 
l.147 ...vmode\hypertarget{ref-R-citationchaser}{}
                                                  %pdfTeX warning (ext4): desti
nation with the same identifier (name{ref-R-eviatlas}) has been already used, d
uplicate ignored
<to be read again> 
                   \relax 
l.151 \leavevmode\hypertarget{ref-R-eviatlas}{}
                                               %pdfTeX warning (ext4): destinat
ion with the same identifier (name{ref-R-sysrevdata}) has been already used, du
plicate ignored
<to be read again> 
                   \relax 
l.156 \leavevmode\hypertarget{ref-R-sysrevdata}{}
                                                 %

Package fancyhdr Warning: \footskip is too small (60.0pt): 
(fancyhdr)                Make it at least 68.00002pt, for example:
(fancyhdr)                \setlength{\footskip}{68.00002pt}.

[2]

Package fancyhdr Warning: \footskip is too small (60.0pt): 
(fancyhdr)                Make it at least 68.00002pt, for example:
(fancyhdr)                \setlength{\footskip}{68.00002pt}.

[3]

Package fancyhdr Warning: \footskip is too small (60.0pt): 
(fancyhdr)                Make it at least 68.00002pt, for example:
(fancyhdr)                \setlength{\footskip}{68.00002pt}.

[4]

Package fancyhdr Warning: \footskip is too small (60.0pt): 
(fancyhdr)                Make it at least 68.00002pt, for example:
(fancyhdr)                \setlength{\footskip}{68.00002pt}.

[5]

Package fancyhdr Warning: \footskip is too small (60.0pt): 
(fancyhdr)                Make it at least 68.00002pt, for example:
(fancyhdr)                \setlength{\footskip}{68.00002pt}.

[6] (./modernCvMatt.aux)
Package rerunfilecheck Info: File `modernCvMatt.out' has not changed.
(rerunfilecheck)             Checksum: 14B1615E3F46C21F152776DB432F0C26;686.
 ) 
Here is how much of TeX's memory you used:
 14877 strings out of 480954
 255240 string characters out of 5905582
 570688 words of memory out of 5000000
 31656 multiletter control sequences out of 15000+600000
 465601 words of font info for 148 fonts, out of 8000000 for 9000
 14 hyphenation exceptions out of 8191
 86i,13n,89p,434b,556s stack positions out of 5000i,500n,10000p,200000b,80000s
{c:/Users/matthew.grainger/AppData/Roaming/TinyTeX/texmf-dist/fonts/enc/dvips
/fontawesome5/fa5brands0.enc}{c:/Users/matthew.grainger/AppData/Roaming/TinyTeX
/texmf-dist/fonts/enc/dvips/fontawesome5/fa5brands1.enc}{c:/Users/matthew.grain
ger/AppData/Roaming/TinyTeX/texmf-dist/fonts/enc/dvips/dejavu/dejavumono_t1-typ
e1.enc}{c:/Users/matthew.grainger/AppData/Roaming/TinyTeX/texmf-dist/fonts/enc/
dvips/fontawesome5/fa5free1.enc}{c:/Users/matthew.grainger/AppData/Roaming/Tiny
TeX/texmf-dist/fonts/enc/dvips/lm/lm-ts1.enc}{c:/Users/matthew.grainger/AppData
/Roaming/TinyTeX/texmf-dist/fonts/enc/dvips/fontawesome5/fa5free2.enc}{c:/Users
/matthew.grainger/AppData/Roaming/TinyTeX/texmf-dist/fonts/enc/dvips/lm/lm-ec.e
nc}<c:/Users/matthew.grainger/AppData/Roaming/TinyTeX/texmf-dist/fonts/type1/pu
blic/dejavu/DejaVuSansMono-Oblique.pfb><c:/Users/matthew.grainger/AppData/Roami
ng/TinyTeX/texmf-dist/fonts/type1/public/fontawesome5/FontAwesome5Brands-Regula
r.pfb><c:/Users/matthew.grainger/AppData/Roaming/TinyTeX/texmf-dist/fonts/type1
/public/fontawesome5/FontAwesome5Free-Solid.pfb><c:/Users/matthew.grainger/AppD
ata/Roaming/TinyTeX/texmf-dist/fonts/type1/public/lm/lmbx10.pfb><c:/Users/matth
ew.grainger/AppData/Roaming/TinyTeX/texmf-dist/fonts/type1/public/lm/lmr10.pfb>
<c:/Users/matthew.grainger/AppData/Roaming/TinyTeX/texmf-dist/fonts/type1/publi
c/lm/lmr12.pfb><c:/Users/matthew.grainger/AppData/Roaming/TinyTeX/texmf-dist/fo
nts/type1/public/lm/lmr17.pfb><c:/Users/matthew.grainger/AppData/Roaming/TinyTe
X/texmf-dist/fonts/type1/public/lm/lmri10.pfb><c:/Users/matthew.grainger/AppDat
a/Roaming/TinyTeX/texmf-dist/fonts/type1/public/lm/lmro10.pfb><c:/Users/matthew
.grainger/AppData/Roaming/TinyTeX/texmf-dist/fonts/type1/public/lm/lmro12.pfb><
c:/Users/matthew.grainger/AppData/Roaming/TinyTeX/texmf-dist/fonts/type1/public
/lm/lmro17.pfb>
Output written on modernCvMatt.pdf (6 pages, 293137 bytes).
PDF statistics:
 191 PDF objects out of 1000 (max. 8388607)
 145 compressed objects within 2 object streams
 23 named destinations out of 1000 (max. 500000)
 33329 words of extra memory for PDF output out of 35830 (max. 10000000)

